[ 2018-02-26T14:59:28+08:00 ] ::1 /PPP/Home/index/get_access
INFO: [ app_init ] --START--
INFO: Run Behavior\BuildLiteBehavior [ RunTime:0.000018s ]
INFO: [ app_init ] --END-- [ RunTime:0.011174s ]
INFO: [ app_begin ] --START--
INFO: Run Behavior\ReadHtmlCacheBehavior [ RunTime:0.014830s ]
INFO: [ app_begin ] --END-- [ RunTime:0.014884s ]
SQL: SHOW COLUMNS FROM `dt_appid` [ RunTime:0.0376s ]
SQL: SELECT * FROM `dt_appid` LIMIT 1   [ RunTime:0.0005s ]
NOTIC: [8] Undefined index: access_token C:\PHPstudy\WWW\PPP\App\Home\Controller\IndexController.class.php 第 57 行.
NOTIC: [8] Undefined index: jsapi_tickrt C:\PHPstudy\WWW\PPP\App\Home\Controller\IndexController.class.php 第 65 行.
INFO: [ app_end ] --START--
INFO: Run Behavior\ShowPageTraceBehavior [ RunTime:0.037364s ]
INFO: [ app_end ] --END-- [ RunTime:0.037520s ]

[ 2018-02-26T15:26:40+08:00 ] ::1 /PPP/Home/index/get_access
INFO: [ app_init ] --START--
INFO: Run Behavior\BuildLiteBehavior [ RunTime:0.000013s ]
INFO: [ app_init ] --END-- [ RunTime:0.000341s ]
INFO: [ app_begin ] --START--
INFO: Run Behavior\ReadHtmlCacheBehavior [ RunTime:0.000524s ]
INFO: [ app_begin ] --END-- [ RunTime:0.000564s ]
ERR: 参数错误或者未定义:kw

[ 2018-02-26T15:27:36+08:00 ] ::1 /PPP/index.php
INFO: [ app_init ] --START--
INFO: Run Behavior\BuildLiteBehavior [ RunTime:0.000014s ]
INFO: [ app_init ] --END-- [ RunTime:0.000414s ]
INFO: [ app_begin ] --START--
INFO: Run Behavior\ReadHtmlCacheBehavior [ RunTime:0.000911s ]
INFO: [ app_begin ] --END-- [ RunTime:0.000986s ]
ERR: 非法操作:index

[ 2018-02-26T15:27:45+08:00 ] ::1 /PPP/Home/index/get_access
INFO: [ app_init ] --START--
INFO: Run Behavior\BuildLiteBehavior [ RunTime:0.000016s ]
INFO: [ app_init ] --END-- [ RunTime:0.000475s ]
INFO: [ app_begin ] --START--
INFO: Run Behavior\ReadHtmlCacheBehavior [ RunTime:0.000810s ]
INFO: [ app_begin ] --END-- [ RunTime:0.000863s ]
SQL: SHOW COLUMNS FROM `dt_appid` [ RunTime:0.0246s ]
SQL: SELECT * FROM `dt_appid` LIMIT 1   [ RunTime:0.0003s ]
NOTIC: [8] Undefined index: access_token C:\PHPstudy\WWW\PPP\App\Home\Controller\IndexController.class.php 第 57 行.
NOTIC: [8] Undefined index: jsapi_tickrt C:\PHPstudy\WWW\PPP\App\Home\Controller\IndexController.class.php 第 65 行.
INFO: [ app_end ] --START--
INFO: Run Behavior\ShowPageTraceBehavior [ RunTime:0.000670s ]
INFO: [ app_end ] --END-- [ RunTime:0.000708s ]

[ 2018-02-26T16:13:26+08:00 ] ::1 /PPP/Home/index/get_access
INFO: [ app_init ] --START--
INFO: Run Behavior\BuildLiteBehavior [ RunTime:0.000021s ]
INFO: [ app_init ] --END-- [ RunTime:0.011438s ]
INFO: [ app_begin ] --START--
INFO: Run Behavior\ReadHtmlCacheBehavior [ RunTime:0.015027s ]
INFO: [ app_begin ] --END-- [ RunTime:0.015083s ]
SQL: SHOW COLUMNS FROM `dt_appid` [ RunTime:0.0365s ]
SQL: SELECT * FROM `dt_appid` LIMIT 1   [ RunTime:0.0003s ]
NOTIC: [8] Undefined index: access_token C:\PHPstudy\WWW\PPP\App\Home\Controller\IndexController.class.php 第 57 行.
NOTIC: [8] Undefined index: jsapi_tickrt C:\PHPstudy\WWW\PPP\App\Home\Controller\IndexController.class.php 第 65 行.
INFO: [ app_end ] --START--
INFO: Run Behavior\ShowPageTraceBehavior [ RunTime:0.008189s ]
INFO: [ app_end ] --END-- [ RunTime:0.008354s ]

[ 2018-02-26T16:14:15+08:00 ] ::1 /PPP/Home/index/get_access
INFO: [ app_init ] --START--
INFO: Run Behavior\BuildLiteBehavior [ RunTime:0.000015s ]
INFO: [ app_init ] --END-- [ RunTime:0.000391s ]
INFO: [ app_begin ] --START--
INFO: Run Behavior\ReadHtmlCacheBehavior [ RunTime:0.000675s ]
INFO: [ app_begin ] --END-- [ RunTime:0.000723s ]
SQL: SHOW COLUMNS FROM `dt_appid` [ RunTime:0.0371s ]
SQL: SELECT * FROM `dt_appid` LIMIT 1   [ RunTime:0.0003s ]
NOTIC: [8] Undefined index: access_token C:\PHPstudy\WWW\PPP\App\Home\Controller\IndexController.class.php 第 57 行.
INFO: [ app_end ] --START--
INFO: Run Behavior\ShowPageTraceBehavior [ RunTime:0.002238s ]
INFO: [ app_end ] --END-- [ RunTime:0.002389s ]

[ 2018-02-26T16:15:10+08:00 ] ::1 /PPP/Home/index/egg
INFO: [ app_init ] --START--
INFO: Run Behavior\BuildLiteBehavior [ RunTime:0.000014s ]
INFO: [ app_init ] --END-- [ RunTime:0.000441s ]
INFO: [ app_begin ] --START--
INFO: Run Behavior\ReadHtmlCacheBehavior [ RunTime:0.000805s ]
INFO: [ app_begin ] --END-- [ RunTime:0.000862s ]
INFO: [ app_end ] --START--
INFO: Run Behavior\ShowPageTraceBehavior [ RunTime:0.000783s ]
INFO: [ app_end ] --END-- [ RunTime:0.000840s ]

[ 2018-02-26T16:15:18+08:00 ] ::1 /PPP/Home/index/index
INFO: [ app_init ] --START--
INFO: Run Behavior\BuildLiteBehavior [ RunTime:0.000011s ]
INFO: [ app_init ] --END-- [ RunTime:0.000359s ]
INFO: [ app_begin ] --START--
INFO: Run Behavior\ReadHtmlCacheBehavior [ RunTime:0.000625s ]
INFO: [ app_begin ] --END-- [ RunTime:0.000664s ]
ERR: 非法操作:index

[ 2018-02-26T16:15:37+08:00 ] ::1 /PPP/Home/index/get_access
INFO: [ app_init ] --START--
INFO: Run Behavior\BuildLiteBehavior [ RunTime:0.000013s ]
INFO: [ app_init ] --END-- [ RunTime:0.000390s ]
INFO: [ app_begin ] --START--
INFO: Run Behavior\ReadHtmlCacheBehavior [ RunTime:0.000619s ]
INFO: [ app_begin ] --END-- [ RunTime:0.000674s ]
SQL: SHOW COLUMNS FROM `dt_appid` [ RunTime:0.0927s ]
SQL: SELECT * FROM `dt_appid` LIMIT 1   [ RunTime:0.0002s ]
NOTIC: [8] Undefined index: access_token C:\PHPstudy\WWW\PPP\App\Home\Controller\IndexController.class.php 第 57 行.
INFO: [ app_end ] --START--
INFO: Run Behavior\ShowPageTraceBehavior [ RunTime:0.003170s ]
INFO: [ app_end ] --END-- [ RunTime:0.003325s ]

[ 2018-02-26T17:28:52+08:00 ] ::1 /PPP/Home/index/get_access
INFO: [ app_init ] --START--
INFO: Run Behavior\BuildLiteBehavior [ RunTime:0.000017s ]
INFO: [ app_init ] --END-- [ RunTime:0.010527s ]
INFO: [ app_begin ] --START--
INFO: Run Behavior\ReadHtmlCacheBehavior [ RunTime:0.001546s ]
INFO: [ app_begin ] --END-- [ RunTime:0.001597s ]
SQL: SHOW COLUMNS FROM `dt_appid` [ RunTime:0.0240s ]
SQL: SELECT * FROM `dt_appid` LIMIT 1   [ RunTime:0.0010s ]
NOTIC: [8] Undefined index: access_token C:\PHPstudy\WWW\PPP\App\Home\Controller\IndexController.class.php 第 57 行.
INFO: [ app_end ] --START--
INFO: Run Behavior\ShowPageTraceBehavior [ RunTime:0.002678s ]
INFO: [ app_end ] --END-- [ RunTime:0.002751s ]

[ 2018-02-26T17:29:27+08:00 ] ::1 /PPP/Home/index/get_access
INFO: [ app_init ] --START--
INFO: Run Behavior\BuildLiteBehavior [ RunTime:0.000018s ]
INFO: [ app_init ] --END-- [ RunTime:0.000537s ]
INFO: [ app_begin ] --START--
INFO: Run Behavior\ReadHtmlCacheBehavior [ RunTime:0.001721s ]
INFO: [ app_begin ] --END-- [ RunTime:0.001804s ]
SQL: SHOW COLUMNS FROM `dt_appid` [ RunTime:0.0312s ]
SQL: SELECT * FROM `dt_appid` LIMIT 1   [ RunTime:0.0002s ]
NOTIC: [8] Undefined index: access_token C:\PHPstudy\WWW\PPP\App\Home\Controller\IndexController.class.php 第 57 行.
INFO: [ app_end ] --START--
INFO: Run Behavior\ShowPageTraceBehavior [ RunTime:0.004226s ]
INFO: [ app_end ] --END-- [ RunTime:0.004396s ]

[ 2018-02-26T17:29:29+08:00 ] ::1 /PPP/index.php
INFO: [ app_init ] --START--
INFO: Run Behavior\BuildLiteBehavior [ RunTime:0.000012s ]
INFO: [ app_init ] --END-- [ RunTime:0.000378s ]
INFO: [ app_begin ] --START--
INFO: Run Behavior\ReadHtmlCacheBehavior [ RunTime:0.000748s ]
INFO: [ app_begin ] --END-- [ RunTime:0.000792s ]
ERR: 非法操作:index

[ 2018-02-26T17:31:20+08:00 ] ::1 /PPP/Home/index/get_access
INFO: [ app_init ] --START--
INFO: Run Behavior\BuildLiteBehavior [ RunTime:0.000011s ]
INFO: [ app_init ] --END-- [ RunTime:0.000313s ]
INFO: [ app_begin ] --START--
INFO: Run Behavior\ReadHtmlCacheBehavior [ RunTime:0.000568s ]
INFO: [ app_begin ] --END-- [ RunTime:0.000618s ]
SQL: SHOW COLUMNS FROM `dt_appid` [ RunTime:0.0394s ]
SQL: SELECT * FROM `dt_appid` LIMIT 1   [ RunTime:0.0002s ]
NOTIC: [8] Undefined index: access_token C:\PHPstudy\WWW\PPP\App\Home\Controller\IndexController.class.php 第 57 行.
INFO: [ app_end ] --START--
INFO: Run Behavior\ShowPageTraceBehavior [ RunTime:0.002290s ]
INFO: [ app_end ] --END-- [ RunTime:0.002437s ]

[ 2018-02-26T17:35:07+08:00 ] ::1 /PPP/Home/index/get_access
INFO: [ app_init ] --START--
INFO: Run Behavior\BuildLiteBehavior [ RunTime:0.000014s ]
INFO: [ app_init ] --END-- [ RunTime:0.000373s ]
INFO: [ app_begin ] --START--
INFO: Run Behavior\ReadHtmlCacheBehavior [ RunTime:0.000655s ]
INFO: [ app_begin ] --END-- [ RunTime:0.000700s ]
SQL: SHOW COLUMNS FROM `dt_appid` [ RunTime:0.0412s ]
SQL: SELECT * FROM `dt_appid` LIMIT 1   [ RunTime:0.0003s ]
NOTIC: [8] Undefined index: access_token C:\PHPstudy\WWW\PPP\App\Home\Controller\IndexController.class.php 第 111 行.
NOTIC: [2] http_build_query(): Parameter 1 expected to be Array or Object.  Incorrect value given C:\PHPstudy\WWW\PPP\App\Home\Controller\IndexController.class.php 第 55 行.
NOTIC: [1024] SSL certificate problem: unable to get local issuer certificate C:\PHPstudy\WWW\PPP\App\Home\Controller\IndexController.class.php 第 65 行.
INFO: [ app_end ] --START--
INFO: Run Behavior\ShowPageTraceBehavior [ RunTime:0.001528s ]
INFO: [ app_end ] --END-- [ RunTime:0.001617s ]

[ 2018-02-26T17:35:15+08:00 ] ::1 /PPP/Home/index/get_access
INFO: [ app_init ] --START--
INFO: Run Behavior\BuildLiteBehavior [ RunTime:0.000016s ]
INFO: [ app_init ] --END-- [ RunTime:0.000611s ]
INFO: [ app_begin ] --START--
INFO: Run Behavior\ReadHtmlCacheBehavior [ RunTime:0.000723s ]
INFO: [ app_begin ] --END-- [ RunTime:0.000781s ]
SQL: SHOW COLUMNS FROM `dt_appid` [ RunTime:0.0376s ]
SQL: SELECT * FROM `dt_appid` LIMIT 1   [ RunTime:0.0003s ]
NOTIC: [8] Undefined index: access_token C:\PHPstudy\WWW\PPP\App\Home\Controller\IndexController.class.php 第 111 行.
NOTIC: [2] http_build_query(): Parameter 1 expected to be Array or Object.  Incorrect value given C:\PHPstudy\WWW\PPP\App\Home\Controller\IndexController.class.php 第 55 行.
NOTIC: [1024] SSL certificate problem: unable to get local issuer certificate C:\PHPstudy\WWW\PPP\App\Home\Controller\IndexController.class.php 第 65 行.
INFO: [ app_end ] --START--
INFO: Run Behavior\ShowPageTraceBehavior [ RunTime:0.001042s ]
INFO: [ app_end ] --END-- [ RunTime:0.001103s ]

[ 2018-02-26T17:35:56+08:00 ] ::1 /PPP/Home/index/get_access
INFO: [ app_init ] --START--
INFO: Run Behavior\BuildLiteBehavior [ RunTime:0.000016s ]
INFO: [ app_init ] --END-- [ RunTime:0.003201s ]
INFO: [ app_begin ] --START--
INFO: Run Behavior\ReadHtmlCacheBehavior [ RunTime:0.001955s ]
INFO: [ app_begin ] --END-- [ RunTime:0.002090s ]
SQL: SHOW COLUMNS FROM `dt_appid` [ RunTime:0.0460s ]
SQL: SELECT * FROM `dt_appid` LIMIT 1   [ RunTime:0.0003s ]
NOTIC: [8] Undefined index: access_token C:\PHPstudy\WWW\PPP\App\Home\Controller\IndexController.class.php 第 110 行.
NOTIC: [2] http_build_query(): Parameter 1 expected to be Array or Object.  Incorrect value given C:\PHPstudy\WWW\PPP\App\Home\Controller\IndexController.class.php 第 55 行.
NOTIC: [1024] SSL certificate problem: unable to get local issuer certificate C:\PHPstudy\WWW\PPP\App\Home\Controller\IndexController.class.php 第 65 行.
NOTIC: [2] http_build_query(): Parameter 1 expected to be Array or Object.  Incorrect value given C:\PHPstudy\WWW\PPP\App\Home\Controller\IndexController.class.php 第 55 行.
NOTIC: [1024] SSL certificate problem: unable to get local issuer certificate C:\PHPstudy\WWW\PPP\App\Home\Controller\IndexController.class.php 第 65 行.
INFO: [ app_end ] --START--
INFO: Run Behavior\ShowPageTraceBehavior [ RunTime:0.001327s ]
INFO: [ app_end ] --END-- [ RunTime:0.001396s ]

[ 2018-02-26T17:36:31+08:00 ] ::1 /PPP/Home/index/get_access
INFO: [ app_init ] --START--
INFO: Run Behavior\BuildLiteBehavior [ RunTime:0.000012s ]
INFO: [ app_init ] --END-- [ RunTime:0.000332s ]
INFO: [ app_begin ] --START--
INFO: Run Behavior\ReadHtmlCacheBehavior [ RunTime:0.000750s ]
INFO: [ app_begin ] --END-- [ RunTime:0.000813s ]
SQL: SHOW COLUMNS FROM `dt_appid` [ RunTime:0.0358s ]
SQL: SELECT * FROM `dt_appid` LIMIT 1   [ RunTime:0.0002s ]
NOTIC: [8] Undefined index: access_token C:\PHPstudy\WWW\PPP\App\Home\Controller\IndexController.class.php 第 110 行.
NOTIC: [2] http_build_query(): Parameter 1 expected to be Array or Object.  Incorrect value given C:\PHPstudy\WWW\PPP\App\Home\Controller\IndexController.class.php 第 55 行.
NOTIC: [1024] SSL certificate problem: unable to get local issuer certificate C:\PHPstudy\WWW\PPP\App\Home\Controller\IndexController.class.php 第 65 行.
NOTIC: [2] http_build_query(): Parameter 1 expected to be Array or Object.  Incorrect value given C:\PHPstudy\WWW\PPP\App\Home\Controller\IndexController.class.php 第 55 行.
NOTIC: [1024] SSL certificate problem: unable to get local issuer certificate C:\PHPstudy\WWW\PPP\App\Home\Controller\IndexController.class.php 第 65 行.
INFO: [ app_end ] --START--
INFO: Run Behavior\ShowPageTraceBehavior [ RunTime:0.003418s ]
INFO: [ app_end ] --END-- [ RunTime:0.003555s ]

[ 2018-02-26T17:37:42+08:00 ] ::1 /PPP/Home/index/get_access
INFO: [ app_init ] --START--
INFO: Run Behavior\BuildLiteBehavior [ RunTime:0.000015s ]
INFO: [ app_init ] --END-- [ RunTime:0.000459s ]
INFO: [ app_begin ] --START--
INFO: Run Behavior\ReadHtmlCacheBehavior [ RunTime:0.000705s ]
INFO: [ app_begin ] --END-- [ RunTime:0.000765s ]
SQL: SHOW COLUMNS FROM `dt_appid` [ RunTime:0.0464s ]
SQL: SELECT * FROM `dt_appid` LIMIT 1   [ RunTime:0.0002s ]
NOTIC: [8] Undefined index: access_token C:\PHPstudy\WWW\PPP\App\Home\Controller\IndexController.class.php 第 110 行.
NOTIC: [2] http_build_query(): Parameter 1 expected to be Array or Object.  Incorrect value given C:\PHPstudy\WWW\PPP\App\Home\Controller\IndexController.class.php 第 55 行.
NOTIC: [1024] SSL certificate problem: unable to get local issuer certificate C:\PHPstudy\WWW\PPP\App\Home\Controller\IndexController.class.php 第 65 行.
NOTIC: [2] http_build_query(): Parameter 1 expected to be Array or Object.  Incorrect value given C:\PHPstudy\WWW\PPP\App\Home\Controller\IndexController.class.php 第 55 行.
NOTIC: [1024] SSL certificate problem: unable to get local issuer certificate C:\PHPstudy\WWW\PPP\App\Home\Controller\IndexController.class.php 第 65 行.
INFO: [ app_end ] --START--
INFO: Run Behavior\ShowPageTraceBehavior [ RunTime:0.002459s ]
INFO: [ app_end ] --END-- [ RunTime:0.002595s ]

[ 2018-02-26T17:37:56+08:00 ] ::1 /PPP/Home/index/get_access
INFO: [ app_init ] --START--
INFO: Run Behavior\BuildLiteBehavior [ RunTime:0.000013s ]
INFO: [ app_init ] --END-- [ RunTime:0.000404s ]
INFO: [ app_begin ] --START--
INFO: Run Behavior\ReadHtmlCacheBehavior [ RunTime:0.000829s ]
INFO: [ app_begin ] --END-- [ RunTime:0.000903s ]
SQL: SHOW COLUMNS FROM `dt_appid` [ RunTime:0.0321s ]
SQL: SELECT * FROM `dt_appid` LIMIT 1   [ RunTime:0.0002s ]
NOTIC: [8] Undefined index: access_token C:\PHPstudy\WWW\PPP\App\Home\Controller\IndexController.class.php 第 110 行.
NOTIC: [2] http_build_query(): Parameter 1 expected to be Array or Object.  Incorrect value given C:\PHPstudy\WWW\PPP\App\Home\Controller\IndexController.class.php 第 55 行.
NOTIC: [1024] SSL certificate problem: unable to get local issuer certificate C:\PHPstudy\WWW\PPP\App\Home\Controller\IndexController.class.php 第 65 行.
NOTIC: [2] http_build_query(): Parameter 1 expected to be Array or Object.  Incorrect value given C:\PHPstudy\WWW\PPP\App\Home\Controller\IndexController.class.php 第 55 行.
NOTIC: [1024] SSL certificate problem: unable to get local issuer certificate C:\PHPstudy\WWW\PPP\App\Home\Controller\IndexController.class.php 第 65 行.
INFO: [ app_end ] --START--
INFO: Run Behavior\ShowPageTraceBehavior [ RunTime:0.000938s ]
INFO: [ app_end ] --END-- [ RunTime:0.000987s ]

[ 2018-02-26T17:39:22+08:00 ] ::1 /PPP/Home/index/get_access
INFO: [ app_init ] --START--
INFO: Run Behavior\BuildLiteBehavior [ RunTime:0.000017s ]
INFO: [ app_init ] --END-- [ RunTime:0.000635s ]
INFO: [ app_begin ] --START--
INFO: Run Behavior\ReadHtmlCacheBehavior [ RunTime:0.000677s ]
INFO: [ app_begin ] --END-- [ RunTime:0.000768s ]
SQL: SHOW COLUMNS FROM `dt_appid` [ RunTime:0.0576s ]
SQL: SELECT * FROM `dt_appid` LIMIT 1   [ RunTime:0.0003s ]
NOTIC: [8] Undefined index: access_token C:\PHPstudy\WWW\PPP\App\Home\Controller\IndexController.class.php 第 112 行.
NOTIC: [2] http_build_query(): Parameter 1 expected to be Array or Object.  Incorrect value given C:\PHPstudy\WWW\PPP\App\Home\Controller\IndexController.class.php 第 55 行.
NOTIC: [2] http_build_query(): Parameter 1 expected to be Array or Object.  Incorrect value given C:\PHPstudy\WWW\PPP\App\Home\Controller\IndexController.class.php 第 55 行.
INFO: [ app_end ] --START--
INFO: Run Behavior\ShowPageTraceBehavior [ RunTime:0.003543s ]
INFO: [ app_end ] --END-- [ RunTime:0.003711s ]

[ 2018-02-26T17:39:50+08:00 ] ::1 /PPP/Home/index/get_access
INFO: [ app_init ] --START--
INFO: Run Behavior\BuildLiteBehavior [ RunTime:0.000014s ]
INFO: [ app_init ] --END-- [ RunTime:0.000577s ]
INFO: [ app_begin ] --START--
INFO: Run Behavior\ReadHtmlCacheBehavior [ RunTime:0.000759s ]
INFO: [ app_begin ] --END-- [ RunTime:0.000807s ]
SQL: SHOW COLUMNS FROM `dt_appid` [ RunTime:0.0231s ]
SQL: SELECT * FROM `dt_appid` LIMIT 1   [ RunTime:0.0003s ]
NOTIC: [8] Undefined index: access_token C:\PHPstudy\WWW\PPP\App\Home\Controller\IndexController.class.php 第 112 行.
NOTIC: [2] http_build_query(): Parameter 1 expected to be Array or Object.  Incorrect value given C:\PHPstudy\WWW\PPP\App\Home\Controller\IndexController.class.php 第 55 行.
INFO: [ app_end ] --START--
INFO: Run Behavior\ShowPageTraceBehavior [ RunTime:0.002791s ]
INFO: [ app_end ] --END-- [ RunTime:0.002957s ]

[ 2018-02-26T18:09:54+08:00 ] ::1 /PPP/Home/index/get_access
INFO: [ app_init ] --START--
INFO: Run Behavior\BuildLiteBehavior [ RunTime:0.000014s ]
INFO: [ app_init ] --END-- [ RunTime:0.010829s ]
INFO: [ app_begin ] --START--
INFO: Run Behavior\ReadHtmlCacheBehavior [ RunTime:0.015668s ]
INFO: [ app_begin ] --END-- [ RunTime:0.015743s ]
SQL: SHOW COLUMNS FROM `dt_appid` [ RunTime:0.0379s ]
SQL: SELECT * FROM `dt_appid` LIMIT 1   [ RunTime:0.0002s ]
NOTIC: [8] Undefined index: access_token C:\PHPstudy\WWW\PPP\App\Home\Controller\IndexController.class.php 第 112 行.
NOTIC: [2] http_build_query(): Parameter 1 expected to be Array or Object.  Incorrect value given C:\PHPstudy\WWW\PPP\App\Home\Controller\IndexController.class.php 第 55 行.
INFO: [ app_end ] --START--
INFO: Run Behavior\ShowPageTraceBehavior [ RunTime:0.005320s ]
INFO: [ app_end ] --END-- [ RunTime:0.005475s ]

[ 2018-02-26T18:09:55+08:00 ] ::1 /PPP/Home/index/get_access
INFO: [ app_init ] --START--
INFO: Run Behavior\BuildLiteBehavior [ RunTime:0.000015s ]
INFO: [ app_init ] --END-- [ RunTime:0.000554s ]
INFO: [ app_begin ] --START--
INFO: Run Behavior\ReadHtmlCacheBehavior [ RunTime:0.000681s ]
INFO: [ app_begin ] --END-- [ RunTime:0.000727s ]
SQL: SHOW COLUMNS FROM `dt_appid` [ RunTime:0.0292s ]
SQL: SELECT * FROM `dt_appid` LIMIT 1   [ RunTime:0.0003s ]
NOTIC: [8] Undefined index: access_token C:\PHPstudy\WWW\PPP\App\Home\Controller\IndexController.class.php 第 112 行.
NOTIC: [2] http_build_query(): Parameter 1 expected to be Array or Object.  Incorrect value given C:\PHPstudy\WWW\PPP\App\Home\Controller\IndexController.class.php 第 55 行.
INFO: [ app_end ] --START--
INFO: Run Behavior\ShowPageTraceBehavior [ RunTime:0.001115s ]
INFO: [ app_end ] --END-- [ RunTime:0.001181s ]

[ 2018-02-26T18:10:27+08:00 ] ::1 /PPP/Home/index/get_access
INFO: [ app_init ] --START--
INFO: Run Behavior\BuildLiteBehavior [ RunTime:0.000015s ]
INFO: [ app_init ] --END-- [ RunTime:0.000614s ]
INFO: [ app_begin ] --START--
INFO: Run Behavior\ReadHtmlCacheBehavior [ RunTime:0.000794s ]
INFO: [ app_begin ] --END-- [ RunTime:0.000854s ]
SQL: SHOW COLUMNS FROM `dt_appid` [ RunTime:0.0418s ]
SQL: SELECT * FROM `dt_appid` LIMIT 1   [ RunTime:0.0002s ]
NOTIC: [8] Undefined index: access_token C:\PHPstudy\WWW\PPP\App\Home\Controller\IndexController.class.php 第 112 行.
NOTIC: [2] http_build_query(): Parameter 1 expected to be Array or Object.  Incorrect value given C:\PHPstudy\WWW\PPP\App\Home\Controller\IndexController.class.php 第 55 行.
INFO: [ app_end ] --START--
INFO: Run Behavior\ShowPageTraceBehavior [ RunTime:0.003411s ]
INFO: [ app_end ] --END-- [ RunTime:0.003662s ]

[ 2018-02-26T18:10:36+08:00 ] ::1 /PPP/Home/index/get_access
INFO: [ app_init ] --START--
INFO: Run Behavior\BuildLiteBehavior [ RunTime:0.000015s ]
INFO: [ app_init ] --END-- [ RunTime:0.000619s ]
INFO: [ app_begin ] --START--
INFO: Run Behavior\ReadHtmlCacheBehavior [ RunTime:0.000576s ]
INFO: [ app_begin ] --END-- [ RunTime:0.000620s ]
SQL: SHOW COLUMNS FROM `dt_appid` [ RunTime:0.0260s ]
SQL: SELECT * FROM `dt_appid` LIMIT 1   [ RunTime:0.0003s ]
NOTIC: [8] Undefined index: access_token C:\PHPstudy\WWW\PPP\App\Home\Controller\IndexController.class.php 第 112 行.
NOTIC: [2] http_build_query(): Parameter 1 expected to be Array or Object.  Incorrect value given C:\PHPstudy\WWW\PPP\App\Home\Controller\IndexController.class.php 第 55 行.
INFO: [ app_end ] --START--
INFO: Run Behavior\ShowPageTraceBehavior [ RunTime:0.003243s ]
INFO: [ app_end ] --END-- [ RunTime:0.003390s ]

[ 2018-02-26T18:10:47+08:00 ] ::1 /PPP/Home/index/get_access
INFO: [ app_init ] --START--
INFO: Run Behavior\BuildLiteBehavior [ RunTime:0.000013s ]
INFO: [ app_init ] --END-- [ RunTime:0.000392s ]
INFO: [ app_begin ] --START--
INFO: Run Behavior\ReadHtmlCacheBehavior [ RunTime:0.000620s ]
INFO: [ app_begin ] --END-- [ RunTime:0.000665s ]
SQL: SHOW COLUMNS FROM `dt_appid` [ RunTime:0.0150s ]
SQL: SELECT * FROM `dt_appid` LIMIT 1   [ RunTime:0.0002s ]
NOTIC: [8] Undefined index: access_token C:\PHPstudy\WWW\PPP\App\Home\Controller\IndexController.class.php 第 112 行.
NOTIC: [2] http_build_query(): Parameter 1 expected to be Array or Object.  Incorrect value given C:\PHPstudy\WWW\PPP\App\Home\Controller\IndexController.class.php 第 55 行.
INFO: [ app_end ] --START--
INFO: Run Behavior\ShowPageTraceBehavior [ RunTime:0.001245s ]
INFO: [ app_end ] --END-- [ RunTime:0.001335s ]

[ 2018-02-26T18:11:16+08:00 ] ::1 /PPP/Home/index/get_access
INFO: [ app_init ] --START--
INFO: Run Behavior\BuildLiteBehavior [ RunTime:0.000015s ]
INFO: [ app_init ] --END-- [ RunTime:0.000602s ]
INFO: [ app_begin ] --START--
INFO: Run Behavior\ReadHtmlCacheBehavior [ RunTime:0.000600s ]
INFO: [ app_begin ] --END-- [ RunTime:0.000646s ]
SQL: SHOW COLUMNS FROM `dt_appid` [ RunTime:0.0424s ]
SQL: SELECT * FROM `dt_appid` LIMIT 1   [ RunTime:0.0002s ]
NOTIC: [8] Undefined index: access_token C:\PHPstudy\WWW\PPP\App\Home\Controller\IndexController.class.php 第 112 行.
NOTIC: [2] http_build_query(): Parameter 1 expected to be Array or Object.  Incorrect value given C:\PHPstudy\WWW\PPP\App\Home\Controller\IndexController.class.php 第 55 行.
INFO: [ app_end ] --START--
INFO: Run Behavior\ShowPageTraceBehavior [ RunTime:0.002236s ]
INFO: [ app_end ] --END-- [ RunTime:0.002384s ]

[ 2018-02-26T18:11:38+08:00 ] ::1 /PPP/Home/index/get_access
INFO: [ app_init ] --START--
INFO: Run Behavior\BuildLiteBehavior [ RunTime:0.000011s ]
INFO: [ app_init ] --END-- [ RunTime:0.000307s ]
INFO: [ app_begin ] --START--
INFO: Run Behavior\ReadHtmlCacheBehavior [ RunTime:0.000618s ]
INFO: [ app_begin ] --END-- [ RunTime:0.000663s ]
SQL: SHOW COLUMNS FROM `dt_appid` [ RunTime:0.0480s ]
SQL: SELECT * FROM `dt_appid` LIMIT 1   [ RunTime:0.0002s ]
NOTIC: [8] Undefined index: access_token C:\PHPstudy\WWW\PPP\App\Home\Controller\IndexController.class.php 第 112 行.
NOTIC: [2] http_build_query(): Parameter 1 expected to be Array or Object.  Incorrect value given C:\PHPstudy\WWW\PPP\App\Home\Controller\IndexController.class.php 第 55 行.
NOTIC: [2] http_build_query(): Parameter 1 expected to be Array or Object.  Incorrect value given C:\PHPstudy\WWW\PPP\App\Home\Controller\IndexController.class.php 第 55 行.
INFO: [ app_end ] --START--
INFO: Run Behavior\ShowPageTraceBehavior [ RunTime:0.002946s ]
INFO: [ app_end ] --END-- [ RunTime:0.003100s ]

[ 2018-02-26T18:21:22+08:00 ] ::1 /PPP/Home/index/get_access
INFO: [ app_init ] --START--
INFO: Run Behavior\BuildLiteBehavior [ RunTime:0.000017s ]
INFO: [ app_init ] --END-- [ RunTime:0.000526s ]
INFO: [ app_begin ] --START--
INFO: Run Behavior\ReadHtmlCacheBehavior [ RunTime:0.001651s ]
INFO: [ app_begin ] --END-- [ RunTime:0.002170s ]
SQL: SHOW COLUMNS FROM `dt_appid` [ RunTime:0.0354s ]
SQL: SELECT * FROM `dt_appid` LIMIT 1   [ RunTime:0.0002s ]
NOTIC: [8] Undefined index: access_token C:\PHPstudy\WWW\PPP\App\Home\Controller\IndexController.class.php 第 108 行.
NOTIC: [2] http_build_query(): Parameter 1 expected to be Array or Object.  Incorrect value given C:\PHPstudy\WWW\PPP\App\Home\Controller\IndexController.class.php 第 55 行.
NOTIC: [2] http_build_query(): Parameter 1 expected to be Array or Object.  Incorrect value given C:\PHPstudy\WWW\PPP\App\Home\Controller\IndexController.class.php 第 55 行.
NOTIC: [2] mt_rand() expects exactly 2 parameters, 3 given C:\PHPstudy\WWW\PPP\App\Home\Controller\IndexController.class.php 第 96 行.
NOTIC: [2] mt_rand() expects exactly 2 parameters, 3 given C:\PHPstudy\WWW\PPP\App\Home\Controller\IndexController.class.php 第 96 行.
NOTIC: [2] mt_rand() expects exactly 2 parameters, 3 given C:\PHPstudy\WWW\PPP\App\Home\Controller\IndexController.class.php 第 96 行.
NOTIC: [2] mt_rand() expects exactly 2 parameters, 3 given C:\PHPstudy\WWW\PPP\App\Home\Controller\IndexController.class.php 第 96 行.
NOTIC: [2] mt_rand() expects exactly 2 parameters, 3 given C:\PHPstudy\WWW\PPP\App\Home\Controller\IndexController.class.php 第 96 行.
NOTIC: [2] mt_rand() expects exactly 2 parameters, 3 given C:\PHPstudy\WWW\PPP\App\Home\Controller\IndexController.class.php 第 96 行.
NOTIC: [2] mt_rand() expects exactly 2 parameters, 3 given C:\PHPstudy\WWW\PPP\App\Home\Controller\IndexController.class.php 第 96 行.
NOTIC: [2] mt_rand() expects exactly 2 parameters, 3 given C:\PHPstudy\WWW\PPP\App\Home\Controller\IndexController.class.php 第 96 行.
NOTIC: [2] mt_rand() expects exactly 2 parameters, 3 given C:\PHPstudy\WWW\PPP\App\Home\Controller\IndexController.class.php 第 96 行.
NOTIC: [2] mt_rand() expects exactly 2 parameters, 3 given C:\PHPstudy\WWW\PPP\App\Home\Controller\IndexController.class.php 第 96 行.
NOTIC: [2] mt_rand() expects exactly 2 parameters, 3 given C:\PHPstudy\WWW\PPP\App\Home\Controller\IndexController.class.php 第 96 行.
NOTIC: [2] mt_rand() expects exactly 2 parameters, 3 given C:\PHPstudy\WWW\PPP\App\Home\Controller\IndexController.class.php 第 96 行.
NOTIC: [2] mt_rand() expects exactly 2 parameters, 3 given C:\PHPstudy\WWW\PPP\App\Home\Controller\IndexController.class.php 第 96 行.
NOTIC: [2] mt_rand() expects exactly 2 parameters, 3 given C:\PHPstudy\WWW\PPP\App\Home\Controller\IndexController.class.php 第 96 行.
NOTIC: [2] mt_rand() expects exactly 2 parameters, 3 given C:\PHPstudy\WWW\PPP\App\Home\Controller\IndexController.class.php 第 96 行.
NOTIC: [2] mt_rand() expects exactly 2 parameters, 3 given C:\PHPstudy\WWW\PPP\App\Home\Controller\IndexController.class.php 第 96 行.
INFO: [ app_end ] --START--
INFO: Run Behavior\ShowPageTraceBehavior [ RunTime:0.001703s ]
INFO: [ app_end ] --END-- [ RunTime:0.001794s ]

[ 2018-02-26T18:22:03+08:00 ] ::1 /PPP/Home/index/get_access
INFO: [ app_init ] --START--
INFO: Run Behavior\BuildLiteBehavior [ RunTime:0.000013s ]
INFO: [ app_init ] --END-- [ RunTime:0.000608s ]
INFO: [ app_begin ] --START--
INFO: Run Behavior\ReadHtmlCacheBehavior [ RunTime:0.001043s ]
INFO: [ app_begin ] --END-- [ RunTime:0.001105s ]
SQL: SHOW COLUMNS FROM `dt_appid` [ RunTime:0.0444s ]
SQL: SELECT * FROM `dt_appid` LIMIT 1   [ RunTime:0.0002s ]
NOTIC: [8] Undefined index: access_token C:\PHPstudy\WWW\PPP\App\Home\Controller\IndexController.class.php 第 108 行.
NOTIC: [2] http_build_query(): Parameter 1 expected to be Array or Object.  Incorrect value given C:\PHPstudy\WWW\PPP\App\Home\Controller\IndexController.class.php 第 55 行.
NOTIC: [2] http_build_query(): Parameter 1 expected to be Array or Object.  Incorrect value given C:\PHPstudy\WWW\PPP\App\Home\Controller\IndexController.class.php 第 55 行.
NOTIC: [2] mt_rand() expects exactly 2 parameters, 3 given C:\PHPstudy\WWW\PPP\App\Home\Controller\IndexController.class.php 第 96 行.
NOTIC: [2] mt_rand() expects exactly 2 parameters, 3 given C:\PHPstudy\WWW\PPP\App\Home\Controller\IndexController.class.php 第 96 行.
NOTIC: [2] mt_rand() expects exactly 2 parameters, 3 given C:\PHPstudy\WWW\PPP\App\Home\Controller\IndexController.class.php 第 96 行.
NOTIC: [2] mt_rand() expects exactly 2 parameters, 3 given C:\PHPstudy\WWW\PPP\App\Home\Controller\IndexController.class.php 第 96 行.
NOTIC: [2] mt_rand() expects exactly 2 parameters, 3 given C:\PHPstudy\WWW\PPP\App\Home\Controller\IndexController.class.php 第 96 行.
NOTIC: [2] mt_rand() expects exactly 2 parameters, 3 given C:\PHPstudy\WWW\PPP\App\Home\Controller\IndexController.class.php 第 96 行.
NOTIC: [2] mt_rand() expects exactly 2 parameters, 3 given C:\PHPstudy\WWW\PPP\App\Home\Controller\IndexController.class.php 第 96 行.
NOTIC: [2] mt_rand() expects exactly 2 parameters, 3 given C:\PHPstudy\WWW\PPP\App\Home\Controller\IndexController.class.php 第 96 行.
NOTIC: [2] mt_rand() expects exactly 2 parameters, 3 given C:\PHPstudy\WWW\PPP\App\Home\Controller\IndexController.class.php 第 96 行.
NOTIC: [2] mt_rand() expects exactly 2 parameters, 3 given C:\PHPstudy\WWW\PPP\App\Home\Controller\IndexController.class.php 第 96 行.
NOTIC: [2] mt_rand() expects exactly 2 parameters, 3 given C:\PHPstudy\WWW\PPP\App\Home\Controller\IndexController.class.php 第 96 行.
NOTIC: [2] mt_rand() expects exactly 2 parameters, 3 given C:\PHPstudy\WWW\PPP\App\Home\Controller\IndexController.class.php 第 96 行.
NOTIC: [2] mt_rand() expects exactly 2 parameters, 3 given C:\PHPstudy\WWW\PPP\App\Home\Controller\IndexController.class.php 第 96 行.
NOTIC: [2] mt_rand() expects exactly 2 parameters, 3 given C:\PHPstudy\WWW\PPP\App\Home\Controller\IndexController.class.php 第 96 行.
NOTIC: [2] mt_rand() expects exactly 2 parameters, 3 given C:\PHPstudy\WWW\PPP\App\Home\Controller\IndexController.class.php 第 96 行.
NOTIC: [2] mt_rand() expects exactly 2 parameters, 3 given C:\PHPstudy\WWW\PPP\App\Home\Controller\IndexController.class.php 第 96 行.
INFO: [ app_end ] --START--
INFO: Run Behavior\ShowPageTraceBehavior [ RunTime:0.001272s ]
INFO: [ app_end ] --END-- [ RunTime:0.001340s ]

[ 2018-02-26T18:57:12+08:00 ] ::1 /PPP/Home/index/get_access
INFO: [ app_init ] --START--
INFO: Run Behavior\BuildLiteBehavior [ RunTime:0.000014s ]
INFO: [ app_init ] --END-- [ RunTime:0.009928s ]
INFO: [ app_begin ] --START--
INFO: Run Behavior\ReadHtmlCacheBehavior [ RunTime:0.015877s ]
INFO: [ app_begin ] --END-- [ RunTime:0.015932s ]
SQL: SHOW COLUMNS FROM `dt_appid` [ RunTime:0.0353s ]
SQL: SELECT * FROM `dt_appid` LIMIT 1   [ RunTime:0.0002s ]
NOTIC: [8] Undefined index: access_token C:\PHPstudy\WWW\PPP\App\Home\Controller\IndexController.class.php 第 108 行.
NOTIC: [2] http_build_query(): Parameter 1 expected to be Array or Object.  Incorrect value given C:\PHPstudy\WWW\PPP\App\Home\Controller\IndexController.class.php 第 55 行.
NOTIC: [2] http_build_query(): Parameter 1 expected to be Array or Object.  Incorrect value given C:\PHPstudy\WWW\PPP\App\Home\Controller\IndexController.class.php 第 55 行.
NOTIC: [2] mt_rand() expects exactly 2 parameters, 3 given C:\PHPstudy\WWW\PPP\App\Home\Controller\IndexController.class.php 第 123 行.
NOTIC: [2] mt_rand() expects exactly 2 parameters, 3 given C:\PHPstudy\WWW\PPP\App\Home\Controller\IndexController.class.php 第 123 行.
NOTIC: [2] mt_rand() expects exactly 2 parameters, 3 given C:\PHPstudy\WWW\PPP\App\Home\Controller\IndexController.class.php 第 123 行.
NOTIC: [2] mt_rand() expects exactly 2 parameters, 3 given C:\PHPstudy\WWW\PPP\App\Home\Controller\IndexController.class.php 第 123 行.
NOTIC: [2] mt_rand() expects exactly 2 parameters, 3 given C:\PHPstudy\WWW\PPP\App\Home\Controller\IndexController.class.php 第 123 行.
NOTIC: [2] mt_rand() expects exactly 2 parameters, 3 given C:\PHPstudy\WWW\PPP\App\Home\Controller\IndexController.class.php 第 123 行.
NOTIC: [2] mt_rand() expects exactly 2 parameters, 3 given C:\PHPstudy\WWW\PPP\App\Home\Controller\IndexController.class.php 第 123 行.
NOTIC: [2] mt_rand() expects exactly 2 parameters, 3 given C:\PHPstudy\WWW\PPP\App\Home\Controller\IndexController.class.php 第 123 行.
NOTIC: [2] mt_rand() expects exactly 2 parameters, 3 given C:\PHPstudy\WWW\PPP\App\Home\Controller\IndexController.class.php 第 123 行.
NOTIC: [2] mt_rand() expects exactly 2 parameters, 3 given C:\PHPstudy\WWW\PPP\App\Home\Controller\IndexController.class.php 第 123 行.
NOTIC: [2] mt_rand() expects exactly 2 parameters, 3 given C:\PHPstudy\WWW\PPP\App\Home\Controller\IndexController.class.php 第 123 行.
NOTIC: [2] mt_rand() expects exactly 2 parameters, 3 given C:\PHPstudy\WWW\PPP\App\Home\Controller\IndexController.class.php 第 123 行.
NOTIC: [2] mt_rand() expects exactly 2 parameters, 3 given C:\PHPstudy\WWW\PPP\App\Home\Controller\IndexController.class.php 第 123 行.
NOTIC: [2] mt_rand() expects exactly 2 parameters, 3 given C:\PHPstudy\WWW\PPP\App\Home\Controller\IndexController.class.php 第 123 行.
NOTIC: [2] mt_rand() expects exactly 2 parameters, 3 given C:\PHPstudy\WWW\PPP\App\Home\Controller\IndexController.class.php 第 123 行.
NOTIC: [2] mt_rand() expects exactly 2 parameters, 3 given C:\PHPstudy\WWW\PPP\App\Home\Controller\IndexController.class.php 第 123 行.
INFO: [ app_end ] --START--
INFO: Run Behavior\ShowPageTraceBehavior [ RunTime:0.032673s ]
INFO: [ app_end ] --END-- [ RunTime:0.032930s ]

