[ 2018-03-01T10:35:28+08:00 ] ::1 /PPP/Home/index/get_access
INFO: [ app_init ] --START--
INFO: Run Behavior\BuildLiteBehavior [ RunTime:0.000017s ]
INFO: [ app_init ] --END-- [ RunTime:0.010696s ]
INFO: [ app_begin ] --START--
INFO: Run Behavior\ReadHtmlCacheBehavior [ RunTime:0.016185s ]
INFO: [ app_begin ] --END-- [ RunTime:0.016239s ]
SQL: SHOW COLUMNS FROM `dt_appid` [ RunTime:0.0418s ]
SQL: SELECT * FROM `dt_appid` LIMIT 1   [ RunTime:0.0007s ]
NOTIC: [8] Undefined index: access_token C:\PHPstudy\WWW\PPP\App\Home\Controller\IndexController.class.php 第 91 行.
NOTIC: [2] http_build_query(): Parameter 1 expected to be Array or Object.  Incorrect value given C:\PHPstudy\WWW\PPP\App\Home\Controller\IndexController.class.php 第 55 行.
NOTIC: [2] http_build_query(): Parameter 1 expected to be Array or Object.  Incorrect value given C:\PHPstudy\WWW\PPP\App\Home\Controller\IndexController.class.php 第 55 行.
NOTIC: [8] Undefined index: timestamp C:\PHPstudy\WWW\PPP\App\Home\Controller\IndexController.class.php 第 120 行.
INFO: [ app_end ] --START--
INFO: Run Behavior\ShowPageTraceBehavior [ RunTime:0.008735s ]
INFO: [ app_end ] --END-- [ RunTime:0.008873s ]

[ 2018-03-01T11:01:57+08:00 ] ::1 /PPP/Home/index/get_access
INFO: [ app_init ] --START--
INFO: Run Behavior\BuildLiteBehavior [ RunTime:0.000015s ]
INFO: [ app_init ] --END-- [ RunTime:0.000448s ]
INFO: [ app_begin ] --START--
INFO: Run Behavior\ReadHtmlCacheBehavior [ RunTime:0.000594s ]
INFO: [ app_begin ] --END-- [ RunTime:0.000648s ]
SQL: SHOW COLUMNS FROM `dt_appid` [ RunTime:0.0532s ]
SQL: SELECT * FROM `dt_appid` LIMIT 1   [ RunTime:0.0003s ]
NOTIC: [8] Undefined index: access_token C:\PHPstudy\WWW\PPP\App\Home\Controller\IndexController.class.php 第 91 行.
NOTIC: [2] http_build_query(): Parameter 1 expected to be Array or Object.  Incorrect value given C:\PHPstudy\WWW\PPP\App\Home\Controller\IndexController.class.php 第 55 行.
NOTIC: [2] http_build_query(): Parameter 1 expected to be Array or Object.  Incorrect value given C:\PHPstudy\WWW\PPP\App\Home\Controller\IndexController.class.php 第 55 行.
NOTIC: [8] Undefined index: timestamp C:\PHPstudy\WWW\PPP\App\Home\Controller\IndexController.class.php 第 128 行.
INFO: [ app_end ] --START--
INFO: Run Behavior\ShowPageTraceBehavior [ RunTime:0.003331s ]
INFO: [ app_end ] --END-- [ RunTime:0.003463s ]

[ 2018-03-01T11:02:38+08:00 ] ::1 /PPP/Home/index/get_access
INFO: [ app_init ] --START--
INFO: Run Behavior\BuildLiteBehavior [ RunTime:0.000014s ]
INFO: [ app_init ] --END-- [ RunTime:0.000552s ]
INFO: [ app_begin ] --START--
INFO: Run Behavior\ReadHtmlCacheBehavior [ RunTime:0.000704s ]
INFO: [ app_begin ] --END-- [ RunTime:0.000772s ]
SQL: SHOW COLUMNS FROM `dt_appid` [ RunTime:0.0253s ]
SQL: SELECT * FROM `dt_appid` LIMIT 1   [ RunTime:0.0002s ]
NOTIC: [8] Undefined index: access_token C:\PHPstudy\WWW\PPP\App\Home\Controller\IndexController.class.php 第 91 行.
NOTIC: [2] http_build_query(): Parameter 1 expected to be Array or Object.  Incorrect value given C:\PHPstudy\WWW\PPP\App\Home\Controller\IndexController.class.php 第 55 行.
NOTIC: [2] http_build_query(): Parameter 1 expected to be Array or Object.  Incorrect value given C:\PHPstudy\WWW\PPP\App\Home\Controller\IndexController.class.php 第 55 行.
INFO: [ app_end ] --START--
INFO: Run Behavior\ShowPageTraceBehavior [ RunTime:0.002056s ]
INFO: [ app_end ] --END-- [ RunTime:0.002195s ]

[ 2018-03-01T11:02:39+08:00 ] ::1 /PPP/index.php
INFO: [ app_init ] --START--
INFO: Run Behavior\BuildLiteBehavior [ RunTime:0.000018s ]
INFO: [ app_init ] --END-- [ RunTime:0.000536s ]
INFO: [ app_begin ] --START--
INFO: Run Behavior\ReadHtmlCacheBehavior [ RunTime:0.000601s ]
INFO: [ app_begin ] --END-- [ RunTime:0.000656s ]
ERR: 非法操作:index

[ 2018-03-01T11:04:36+08:00 ] ::1 /PPP/Home/index/get_access
INFO: [ app_init ] --START--
INFO: Run Behavior\BuildLiteBehavior [ RunTime:0.000018s ]
INFO: [ app_init ] --END-- [ RunTime:0.000611s ]
INFO: [ app_begin ] --START--
INFO: Run Behavior\ReadHtmlCacheBehavior [ RunTime:0.000908s ]
INFO: [ app_begin ] --END-- [ RunTime:0.000992s ]
SQL: SHOW COLUMNS FROM `dt_appid` [ RunTime:0.0496s ]
SQL: SELECT * FROM `dt_appid` LIMIT 1   [ RunTime:0.0002s ]
NOTIC: [8] Undefined index: access_token C:\PHPstudy\WWW\PPP\App\Home\Controller\IndexController.class.php 第 91 行.
NOTIC: [2] http_build_query(): Parameter 1 expected to be Array or Object.  Incorrect value given C:\PHPstudy\WWW\PPP\App\Home\Controller\IndexController.class.php 第 55 行.
NOTIC: [2] http_build_query(): Parameter 1 expected to be Array or Object.  Incorrect value given C:\PHPstudy\WWW\PPP\App\Home\Controller\IndexController.class.php 第 55 行.
INFO: [ app_end ] --START--
INFO: Run Behavior\ShowPageTraceBehavior [ RunTime:0.002279s ]
INFO: [ app_end ] --END-- [ RunTime:0.002427s ]

[ 2018-03-01T11:05:42+08:00 ] ::1 /PPP/Home/index/get_access
INFO: [ app_init ] --START--
INFO: Run Behavior\BuildLiteBehavior [ RunTime:0.000015s ]
INFO: [ app_init ] --END-- [ RunTime:0.000401s ]
INFO: [ app_begin ] --START--
INFO: Run Behavior\ReadHtmlCacheBehavior [ RunTime:0.000800s ]
INFO: [ app_begin ] --END-- [ RunTime:0.000855s ]
SQL: SHOW COLUMNS FROM `dt_appid` [ RunTime:0.0414s ]
SQL: SELECT * FROM `dt_appid` LIMIT 1   [ RunTime:0.0004s ]
NOTIC: [8] Undefined index: access_token C:\PHPstudy\WWW\PPP\App\Home\Controller\IndexController.class.php 第 91 行.
NOTIC: [2] http_build_query(): Parameter 1 expected to be Array or Object.  Incorrect value given C:\PHPstudy\WWW\PPP\App\Home\Controller\IndexController.class.php 第 55 行.
NOTIC: [2] http_build_query(): Parameter 1 expected to be Array or Object.  Incorrect value given C:\PHPstudy\WWW\PPP\App\Home\Controller\IndexController.class.php 第 55 行.
INFO: [ app_end ] --START--
INFO: Run Behavior\ShowPageTraceBehavior [ RunTime:0.002420s ]
INFO: [ app_end ] --END-- [ RunTime:0.002588s ]

[ 2018-03-01T11:06:07+08:00 ] ::1 /PPP/Home/index/get_access
INFO: [ app_init ] --START--
INFO: Run Behavior\BuildLiteBehavior [ RunTime:0.000018s ]
INFO: [ app_init ] --END-- [ RunTime:0.000655s ]
INFO: [ app_begin ] --START--
INFO: Run Behavior\ReadHtmlCacheBehavior [ RunTime:0.001013s ]
INFO: [ app_begin ] --END-- [ RunTime:0.001088s ]
SQL: SHOW COLUMNS FROM `dt_appid` [ RunTime:0.0495s ]
SQL: SELECT * FROM `dt_appid` LIMIT 1   [ RunTime:0.0003s ]
NOTIC: [8] Undefined index: access_token C:\PHPstudy\WWW\PPP\App\Home\Controller\IndexController.class.php 第 91 行.
NOTIC: [2] http_build_query(): Parameter 1 expected to be Array or Object.  Incorrect value given C:\PHPstudy\WWW\PPP\App\Home\Controller\IndexController.class.php 第 55 行.
NOTIC: [2] http_build_query(): Parameter 1 expected to be Array or Object.  Incorrect value given C:\PHPstudy\WWW\PPP\App\Home\Controller\IndexController.class.php 第 55 行.
INFO: [ app_end ] --START--
INFO: Run Behavior\ShowPageTraceBehavior [ RunTime:0.001722s ]
INFO: [ app_end ] --END-- [ RunTime:0.001844s ]

[ 2018-03-01T11:06:26+08:00 ] ::1 /PPP/Home/index/get_access
INFO: [ app_init ] --START--
INFO: Run Behavior\BuildLiteBehavior [ RunTime:0.000012s ]
INFO: [ app_init ] --END-- [ RunTime:0.000319s ]
INFO: [ app_begin ] --START--
INFO: Run Behavior\ReadHtmlCacheBehavior [ RunTime:0.000543s ]
INFO: [ app_begin ] --END-- [ RunTime:0.000583s ]
SQL: SHOW COLUMNS FROM `dt_appid` [ RunTime:0.0286s ]
SQL: SELECT * FROM `dt_appid` LIMIT 1   [ RunTime:0.0002s ]
NOTIC: [8] Undefined index: access_token C:\PHPstudy\WWW\PPP\App\Home\Controller\IndexController.class.php 第 91 行.
NOTIC: [2] http_build_query(): Parameter 1 expected to be Array or Object.  Incorrect value given C:\PHPstudy\WWW\PPP\App\Home\Controller\IndexController.class.php 第 55 行.
NOTIC: [2] http_build_query(): Parameter 1 expected to be Array or Object.  Incorrect value given C:\PHPstudy\WWW\PPP\App\Home\Controller\IndexController.class.php 第 55 行.
INFO: [ app_end ] --START--
INFO: Run Behavior\ShowPageTraceBehavior [ RunTime:0.000691s ]
INFO: [ app_end ] --END-- [ RunTime:0.000742s ]

[ 2018-03-01T11:08:57+08:00 ] ::1 /PPP/Home/index/get_access
INFO: [ app_init ] --START--
INFO: Run Behavior\BuildLiteBehavior [ RunTime:0.000011s ]
INFO: [ app_init ] --END-- [ RunTime:0.000333s ]
INFO: [ app_begin ] --START--
INFO: Run Behavior\ReadHtmlCacheBehavior [ RunTime:0.000540s ]
INFO: [ app_begin ] --END-- [ RunTime:0.000578s ]
SQL: SHOW COLUMNS FROM `dt_appid` [ RunTime:0.0427s ]
SQL: SELECT * FROM `dt_appid` LIMIT 1   [ RunTime:0.0002s ]
NOTIC: [8] Undefined index: access_token C:\PHPstudy\WWW\PPP\App\Home\Controller\IndexController.class.php 第 91 行.
NOTIC: [2] http_build_query(): Parameter 1 expected to be Array or Object.  Incorrect value given C:\PHPstudy\WWW\PPP\App\Home\Controller\IndexController.class.php 第 55 行.
NOTIC: [2] http_build_query(): Parameter 1 expected to be Array or Object.  Incorrect value given C:\PHPstudy\WWW\PPP\App\Home\Controller\IndexController.class.php 第 55 行.
INFO: [ app_end ] --START--
INFO: Run Behavior\ShowPageTraceBehavior [ RunTime:0.002345s ]
INFO: [ app_end ] --END-- [ RunTime:0.002511s ]

[ 2018-03-01T11:10:05+08:00 ] ::1 /PPP/Home/index/get_access
INFO: [ app_init ] --START--
INFO: Run Behavior\BuildLiteBehavior [ RunTime:0.000017s ]
INFO: [ app_init ] --END-- [ RunTime:0.000526s ]
INFO: [ app_begin ] --START--
INFO: Run Behavior\ReadHtmlCacheBehavior [ RunTime:0.000581s ]
INFO: [ app_begin ] --END-- [ RunTime:0.000659s ]
SQL: SHOW COLUMNS FROM `dt_appid` [ RunTime:0.0539s ]
SQL: SELECT * FROM `dt_appid` LIMIT 1   [ RunTime:0.0019s ]
NOTIC: [8] Undefined index: access_token C:\PHPstudy\WWW\PPP\App\Home\Controller\IndexController.class.php 第 91 行.
NOTIC: [2] http_build_query(): Parameter 1 expected to be Array or Object.  Incorrect value given C:\PHPstudy\WWW\PPP\App\Home\Controller\IndexController.class.php 第 55 行.
NOTIC: [2] http_build_query(): Parameter 1 expected to be Array or Object.  Incorrect value given C:\PHPstudy\WWW\PPP\App\Home\Controller\IndexController.class.php 第 55 行.
INFO: [ app_end ] --START--
INFO: Run Behavior\ShowPageTraceBehavior [ RunTime:0.001791s ]
INFO: [ app_end ] --END-- [ RunTime:0.001932s ]

[ 2018-03-01T11:12:55+08:00 ] ::1 /PPP/Home/index/get_access
INFO: [ app_init ] --START--
INFO: Run Behavior\BuildLiteBehavior [ RunTime:0.000017s ]
INFO: [ app_init ] --END-- [ RunTime:0.000641s ]
INFO: [ app_begin ] --START--
INFO: Run Behavior\ReadHtmlCacheBehavior [ RunTime:0.000708s ]
INFO: [ app_begin ] --END-- [ RunTime:0.000765s ]
SQL: SHOW COLUMNS FROM `dt_appid` [ RunTime:0.0143s ]
SQL: SELECT * FROM `dt_appid` LIMIT 1   [ RunTime:0.0002s ]
NOTIC: [8] Undefined index: access_token C:\PHPstudy\WWW\PPP\App\Home\Controller\IndexController.class.php 第 91 行.
NOTIC: [2] http_build_query(): Parameter 1 expected to be Array or Object.  Incorrect value given C:\PHPstudy\WWW\PPP\App\Home\Controller\IndexController.class.php 第 55 行.
NOTIC: [2] http_build_query(): Parameter 1 expected to be Array or Object.  Incorrect value given C:\PHPstudy\WWW\PPP\App\Home\Controller\IndexController.class.php 第 55 行.
INFO: [ app_end ] --START--
INFO: Run Behavior\ShowPageTraceBehavior [ RunTime:0.002378s ]
INFO: [ app_end ] --END-- [ RunTime:0.002559s ]

[ 2018-03-01T11:13:32+08:00 ] ::1 /PPP/Home/index/get_access
INFO: [ app_init ] --START--
INFO: Run Behavior\BuildLiteBehavior [ RunTime:0.000020s ]
INFO: [ app_init ] --END-- [ RunTime:0.000582s ]
INFO: [ app_begin ] --START--
INFO: Run Behavior\ReadHtmlCacheBehavior [ RunTime:0.000713s ]
INFO: [ app_begin ] --END-- [ RunTime:0.000807s ]
SQL: SHOW COLUMNS FROM `dt_appid` [ RunTime:0.0534s ]
SQL: SELECT * FROM `dt_appid` LIMIT 1   [ RunTime:0.0003s ]
NOTIC: [8] Undefined index: access_token C:\PHPstudy\WWW\PPP\App\Home\Controller\IndexController.class.php 第 91 行.
NOTIC: [2] http_build_query(): Parameter 1 expected to be Array or Object.  Incorrect value given C:\PHPstudy\WWW\PPP\App\Home\Controller\IndexController.class.php 第 55 行.
NOTIC: [2] http_build_query(): Parameter 1 expected to be Array or Object.  Incorrect value given C:\PHPstudy\WWW\PPP\App\Home\Controller\IndexController.class.php 第 55 行.
INFO: [ app_end ] --START--
INFO: Run Behavior\ShowPageTraceBehavior [ RunTime:0.002139s ]
INFO: [ app_end ] --END-- [ RunTime:0.002293s ]

[ 2018-03-01T11:14:38+08:00 ] ::1 /PPP/Home/index/get_access
INFO: [ app_init ] --START--
INFO: Run Behavior\BuildLiteBehavior [ RunTime:0.000017s ]
INFO: [ app_init ] --END-- [ RunTime:0.000323s ]
INFO: [ app_begin ] --START--
INFO: Run Behavior\ReadHtmlCacheBehavior [ RunTime:0.001672s ]
INFO: [ app_begin ] --END-- [ RunTime:0.001730s ]
SQL: SHOW COLUMNS FROM `dt_appid` [ RunTime:0.0459s ]
SQL: SELECT * FROM `dt_appid` LIMIT 1   [ RunTime:0.0006s ]
NOTIC: [8] Undefined index: access_token C:\PHPstudy\WWW\PPP\App\Home\Controller\IndexController.class.php 第 91 行.
NOTIC: [2] http_build_query(): Parameter 1 expected to be Array or Object.  Incorrect value given C:\PHPstudy\WWW\PPP\App\Home\Controller\IndexController.class.php 第 55 行.
NOTIC: [2] http_build_query(): Parameter 1 expected to be Array or Object.  Incorrect value given C:\PHPstudy\WWW\PPP\App\Home\Controller\IndexController.class.php 第 55 行.
INFO: [ app_end ] --START--
INFO: Run Behavior\ShowPageTraceBehavior [ RunTime:0.001906s ]
INFO: [ app_end ] --END-- [ RunTime:0.002062s ]

[ 2018-03-01T11:16:39+08:00 ] ::1 /PPP/Home/index/get_access
INFO: [ app_init ] --START--
INFO: Run Behavior\BuildLiteBehavior [ RunTime:0.000016s ]
INFO: [ app_init ] --END-- [ RunTime:0.000404s ]
INFO: [ app_begin ] --START--
INFO: Run Behavior\ReadHtmlCacheBehavior [ RunTime:0.000781s ]
INFO: [ app_begin ] --END-- [ RunTime:0.000849s ]
SQL: SHOW COLUMNS FROM `dt_appid` [ RunTime:0.0237s ]
SQL: SELECT * FROM `dt_appid` LIMIT 1   [ RunTime:0.0002s ]
NOTIC: [8] Undefined index: access_token C:\PHPstudy\WWW\PPP\App\Home\Controller\IndexController.class.php 第 91 行.
NOTIC: [2] http_build_query(): Parameter 1 expected to be Array or Object.  Incorrect value given C:\PHPstudy\WWW\PPP\App\Home\Controller\IndexController.class.php 第 55 行.
NOTIC: [2] http_build_query(): Parameter 1 expected to be Array or Object.  Incorrect value given C:\PHPstudy\WWW\PPP\App\Home\Controller\IndexController.class.php 第 55 行.
INFO: [ app_end ] --START--
INFO: Run Behavior\ShowPageTraceBehavior [ RunTime:0.002216s ]
INFO: [ app_end ] --END-- [ RunTime:0.002460s ]

[ 2018-03-01T12:05:33+08:00 ] ::1 /PPP/Home/index/get_access
INFO: [ app_init ] --START--
INFO: Run Behavior\BuildLiteBehavior [ RunTime:0.000014s ]
INFO: [ app_init ] --END-- [ RunTime:0.010365s ]
INFO: [ app_begin ] --START--
INFO: Run Behavior\ReadHtmlCacheBehavior [ RunTime:0.002004s ]
INFO: [ app_begin ] --END-- [ RunTime:0.002079s ]

[ 2018-03-01T12:05:56+08:00 ] ::1 /PPP/Home/index/get_access
INFO: [ app_init ] --START--
INFO: Run Behavior\BuildLiteBehavior [ RunTime:0.000014s ]
INFO: [ app_init ] --END-- [ RunTime:0.000354s ]
INFO: [ app_begin ] --START--
INFO: Run Behavior\ReadHtmlCacheBehavior [ RunTime:0.000542s ]
INFO: [ app_begin ] --END-- [ RunTime:0.000594s ]
SQL: SHOW COLUMNS FROM `dt_appid` [ RunTime:0.0363s ]
SQL: SELECT * FROM `dt_appid` LIMIT 1   [ RunTime:0.0004s ]
NOTIC: [8] Undefined index: access_token C:\PHPstudy\WWW\PPP\App\Home\Controller\IndexController.class.php 第 91 行.
NOTIC: [2] http_build_query(): Parameter 1 expected to be Array or Object.  Incorrect value given C:\PHPstudy\WWW\PPP\App\Home\Controller\IndexController.class.php 第 55 行.
NOTIC: [2] http_build_query(): Parameter 1 expected to be Array or Object.  Incorrect value given C:\PHPstudy\WWW\PPP\App\Home\Controller\IndexController.class.php 第 55 行.
NOTIC: [8] Undefined index: agentid C:\PHPstudy\WWW\PPP\App\Home\Controller\IndexController.class.php 第 141 行.
INFO: [ app_end ] --START--
INFO: Run Behavior\ShowPageTraceBehavior [ RunTime:0.032453s ]
INFO: [ app_end ] --END-- [ RunTime:0.032589s ]

[ 2018-03-01T12:15:43+08:00 ] ::1 /PPP/Home/index/get_access
INFO: [ app_init ] --START--
INFO: Run Behavior\BuildLiteBehavior [ RunTime:0.000014s ]
INFO: [ app_init ] --END-- [ RunTime:0.001889s ]
INFO: [ app_begin ] --START--
INFO: Run Behavior\ReadHtmlCacheBehavior [ RunTime:0.002638s ]
INFO: [ app_begin ] --END-- [ RunTime:0.002695s ]
SQL: SHOW COLUMNS FROM `dt_appid` [ RunTime:0.0440s ]
SQL: SELECT * FROM `dt_appid` LIMIT 1   [ RunTime:0.0003s ]
NOTIC: [8] Undefined index: access_token C:\PHPstudy\WWW\PPP\App\Home\Controller\IndexController.class.php 第 91 行.
NOTIC: [2] http_build_query(): Parameter 1 expected to be Array or Object.  Incorrect value given C:\PHPstudy\WWW\PPP\App\Home\Controller\IndexController.class.php 第 55 行.
NOTIC: [2] http_build_query(): Parameter 1 expected to be Array or Object.  Incorrect value given C:\PHPstudy\WWW\PPP\App\Home\Controller\IndexController.class.php 第 55 行.
INFO: [ app_end ] --START--
INFO: Run Behavior\ShowPageTraceBehavior [ RunTime:0.005493s ]
INFO: [ app_end ] --END-- [ RunTime:0.005646s ]

[ 2018-03-01T14:36:15+08:00 ] ::1 /PPP/Home/index/get_access
INFO: [ app_init ] --START--
INFO: Run Behavior\BuildLiteBehavior [ RunTime:0.000016s ]
INFO: [ app_init ] --END-- [ RunTime:0.014789s ]
INFO: [ app_begin ] --START--
INFO: Run Behavior\ReadHtmlCacheBehavior [ RunTime:0.023125s ]
INFO: [ app_begin ] --END-- [ RunTime:0.023207s ]
SQL: SHOW COLUMNS FROM `dt_appid` [ RunTime:0.0567s ]
SQL: SELECT * FROM `dt_appid` LIMIT 1   [ RunTime:0.0006s ]
NOTIC: [8] Undefined index: access_token C:\PHPstudy\WWW\PPP\App\Home\Controller\IndexController.class.php 第 91 行.
NOTIC: [2] http_build_query(): Parameter 1 expected to be Array or Object.  Incorrect value given C:\PHPstudy\WWW\PPP\App\Home\Controller\IndexController.class.php 第 55 行.
NOTIC: [2] http_build_query(): Parameter 1 expected to be Array or Object.  Incorrect value given C:\PHPstudy\WWW\PPP\App\Home\Controller\IndexController.class.php 第 55 行.
INFO: [ app_end ] --START--
INFO: Run Behavior\ShowPageTraceBehavior [ RunTime:0.017227s ]
INFO: [ app_end ] --END-- [ RunTime:0.017356s ]

[ 2018-03-01T14:36:18+08:00 ] ::1 /PPP/Home/index/get_access
INFO: [ app_init ] --START--
INFO: Run Behavior\BuildLiteBehavior [ RunTime:0.000017s ]
INFO: [ app_init ] --END-- [ RunTime:0.000587s ]
INFO: [ app_begin ] --START--
INFO: Run Behavior\ReadHtmlCacheBehavior [ RunTime:0.000798s ]
INFO: [ app_begin ] --END-- [ RunTime:0.000872s ]
SQL: SHOW COLUMNS FROM `dt_appid` [ RunTime:0.0345s ]
SQL: SELECT * FROM `dt_appid` LIMIT 1   [ RunTime:0.0002s ]
NOTIC: [8] Undefined index: access_token C:\PHPstudy\WWW\PPP\App\Home\Controller\IndexController.class.php 第 91 行.
NOTIC: [2] http_build_query(): Parameter 1 expected to be Array or Object.  Incorrect value given C:\PHPstudy\WWW\PPP\App\Home\Controller\IndexController.class.php 第 55 行.
NOTIC: [2] http_build_query(): Parameter 1 expected to be Array or Object.  Incorrect value given C:\PHPstudy\WWW\PPP\App\Home\Controller\IndexController.class.php 第 55 行.
INFO: [ app_end ] --START--
INFO: Run Behavior\ShowPageTraceBehavior [ RunTime:0.002302s ]
INFO: [ app_end ] --END-- [ RunTime:0.002526s ]

